<?xml version="1.0" encoding="UTF-8"?>
<!-- Generated by org.testng.reporters.JUnitXMLReporter -->
<testsuite ignored="0" hostname="LTIN513366" failures="0" tests="4" name="Regression Test" time="104.809" errors="0" timestamp="2024-11-05T11:23:36 IST">
  <testcase classname="testCases.TC_004_Cousera" name="openCousera" time="0.077"/>
  <testcase classname="testCases.TC_001_SearchForWebDevelopmentCourses" name="SearchForWebDevelopmentCourses" time="11.025"/>
  <testcase classname="testCases.TC_002_Language_Learning" name="selectingLanguages" time="6.691"/>
  <testcase classname="testCases.TC_003_FormFilling" name="formFilling" time="41.878"/>
</testsuite> <!-- Regression Test -->
