<?xml version="1.0" encoding="UTF-8"?>
<!-- Generated by org.testng.reporters.JUnitXMLReporter -->
<testsuite ignored="0" hostname="LTIN513366" failures="0" tests="3" name="Test" time="226.068" errors="0" timestamp="2024-11-05T14:07:29 IST">
  <testcase classname="testCases.TC_001_SearchForWebDevelopmentCourses" name="SearchForWebDevelopmentCourses" time="60.822"/>
  <testcase classname="testCases.TC_002_Language_Learning" name="selectingLanguages" time="49.321"/>
  <testcase classname="testCases.TC_003_FormFilling" name="formFilling" time="71.626"/>
</testsuite> <!-- Test -->
